Started GET "/" for 127.0.0.1 at 2017-07-17 20:20:45 -0700
  
AbstractController::Helpers::MissingHelperError (Missing helper file helpers/c:/users/rjr/documents/github/spinder/app/app/helpers/application_helper.rb_helper.rb):
  
actionpack (5.1.2) lib/abstract_controller/helpers.rb:152:in `rescue in block in modules_for_helpers'
actionpack (5.1.2) lib/abstract_controller/helpers.rb:149:in `block in modules_for_helpers'
actionpack (5.1.2) lib/abstract_controller/helpers.rb:145:in `map!'
actionpack (5.1.2) lib/abstract_controller/helpers.rb:145:in `modules_for_helpers'
actionpack (5.1.2) lib/action_controller/metal/helpers.rb:93:in `modules_for_helpers'
actionpack (5.1.2) lib/abstract_controller/helpers.rb:109:in `helper'
actionpack (5.1.2) lib/action_controller/railties/helpers.rb:17:in `inherited'
railties (5.1.2) lib/rails/application_controller.rb:1:in `<top (required)>'
activesupport (5.1.2) lib/active_support/dependencies.rb:292:in `require'
activesupport (5.1.2) lib/active_support/dependencies.rb:292:in `block in require'
activesupport (5.1.2) lib/active_support/dependencies.rb:258:in `load_dependency'
activesupport (5.1.2) lib/active_support/dependencies.rb:292:in `require'
railties (5.1.2) lib/rails/welcome_controller.rb:1:in `<top (required)>'
activesupport (5.1.2) lib/active_support/dependencies.rb:292:in `require'
activesupport (5.1.2) lib/active_support/dependencies.rb:292:in `block in require'
activesupport (5.1.2) lib/active_support/dependencies.rb:258:in `load_dependency'
activesupport (5.1.2) lib/active_support/dependencies.rb:292:in `require'
activesupport (5.1.2) lib/active_support/inflector/methods.rb:271:in `const_get'
activesupport (5.1.2) lib/active_support/inflector/methods.rb:271:in `block in constantize'
activesupport (5.1.2) lib/active_support/inflector/methods.rb:267:in `each'
activesupport (5.1.2) lib/active_support/inflector/methods.rb:267:in `inject'
activesupport (5.1.2) lib/active_support/inflector/methods.rb:267:in `constantize'
activesupport (5.1.2) lib/active_support/dependencies.rb:582:in `get'
activesupport (5.1.2) lib/active_support/dependencies.rb:613:in `constantize'
actionpack (5.1.2) lib/action_dispatch/http/request.rb:82:in `controller_class'
actionpack (5.1.2) lib/action_dispatch/routing/route_set.rb:43:in `controller'
actionpack (5.1.2) lib/action_dispatch/routing/route_set.rb:29:in `serve'
actionpack (5.1.2) lib/action_dispatch/journey/router.rb:46:in `block in serve'
actionpack (5.1.2) lib/action_dispatch/journey/router.rb:33:in `each'
actionpack (5.1.2) lib/action_dispatch/journey/router.rb:33:in `serve'
actionpack (5.1.2) lib/action_dispatch/routing/route_set.rb:832:in `call'
rack (2.0.3) lib/rack/etag.rb:25:in `call'
rack (2.0.3) lib/rack/conditional_get.rb:25:in `call'
rack (2.0.3) lib/rack/head.rb:12:in `call'
rack (2.0.3) lib/rack/session/abstract/id.rb:232:in `context'
rack (2.0.3) lib/rack/session/abstract/id.rb:226:in `call'
actionpack (5.1.2) lib/action_dispatch/middleware/cookies.rb:613:in `call'
activerecord (5.1.2) lib/active_record/migration.rb:556:in `call'
actionpack (5.1.2) lib/action_dispatch/middleware/callbacks.rb:26:in `block in call'
activesupport (5.1.2) lib/active_support/callbacks.rb:97:in `run_callbacks'
actionpack (5.1.2) lib/action_dispatch/middleware/callbacks.rb:24:in `call'
actionpack (5.1.2) lib/action_dispatch/middleware/executor.rb:12:in `call'
actionpack (5.1.2) lib/action_dispatch/middleware/debug_exceptions.rb:59:in `call'
web-console (3.5.1) lib/web_console/middleware.rb:135:in `call_app'
web-console (3.5.1) lib/web_console/middleware.rb:28:in `block in call'
web-console (3.5.1) lib/web_console/middleware.rb:18:in `catch'
web-console (3.5.1) lib/web_console/middleware.rb:18:in `call'
actionpack (5.1.2) lib/action_dispatch/middleware/show_exceptions.rb:31:in `call'
railties (5.1.2) lib/rails/rack/logger.rb:36:in `call_app'
railties (5.1.2) lib/rails/rack/logger.rb:24:in `block in call'
activesupport (5.1.2) lib/active_support/tagged_logging.rb:69:in `block in tagged'
activesupport (5.1.2) lib/active_support/tagged_logging.rb:26:in `tagged'
activesupport (5.1.2) lib/active_support/tagged_logging.rb:69:in `tagged'
railties (5.1.2) lib/rails/rack/logger.rb:24:in `call'
sprockets-rails (3.2.0) lib/sprockets/rails/quiet_assets.rb:13:in `call'
actionpack (5.1.2) lib/action_dispatch/middleware/remote_ip.rb:79:in `call'
actionpack (5.1.2) lib/action_dispatch/middleware/request_id.rb:25:in `call'
rack (2.0.3) lib/rack/method_override.rb:22:in `call'
rack (2.0.3) lib/rack/runtime.rb:22:in `call'
activesupport (5.1.2) lib/active_support/cache/strategy/local_cache_middleware.rb:27:in `call'
actionpack (5.1.2) lib/action_dispatch/middleware/executor.rb:12:in `call'
actionpack (5.1.2) lib/action_dispatch/middleware/static.rb:125:in `call'
rack (2.0.3) lib/rack/sendfile.rb:111:in `call'
railties (5.1.2) lib/rails/engine.rb:522:in `call'
puma (3.9.1) lib/puma/configuration.rb:224:in `call'
puma (3.9.1) lib/puma/server.rb:602:in `handle_request'
puma (3.9.1) lib/puma/server.rb:435:in `process_client'
puma (3.9.1) lib/puma/server.rb:299:in `block in run'
puma (3.9.1) lib/puma/thread_pool.rb:120:in `block in spawn_thread'
